<?xml version="1.0" encoding="UTF-8"?>
<!-- Generated by org.testng.reporters.JUnitXMLReporter -->
<testsuite ignored="26" hostname="TAUSEEF" failures="2" tests="3" name="CheckOut" time="22.479" errors="0" timestamp="2022-10-24T16:16:05 PKT">
  <testcase classname="automation.AutomationPractice.HomePageTest" name="validateProduct_cart" time="6.902"/>
  <testcase classname="automation.AutomationPractice.CheckOutTest" name="Validate_Title" time="2.215">
    <failure type="java.lang.AssertionError" message="expected [Order - My Store] but found [true]">
      <![CDATA[java.lang.AssertionError: expected [Order - My Store] but found [true]
at automation.AutomationPractice.CheckOutTest.Validate_Title(CheckOutTest.java:42)
at java.base/java.util.ArrayList.forEach(ArrayList.java:1511)
... Removed 32 stack frames]]>
    </failure>
  </testcase> <!-- Validate_Title -->
  <testcase classname="automation.AutomationPractice.CheckOutTest" name="Validate_ProceedToCheckOutBtn" time="0.025">
    <failure type="org.openqa.selenium.NoSuchElementException" message="no such element: Unable to locate element: {&amp;quot;method&amp;quot;:&amp;quot;xpath&amp;quot;,&amp;quot;selector&amp;quot;:&amp;quot;//div[@id=&amp;apos;center_column&amp;apos;]/p[2]/a[1]&amp;quot;}
  (Session info: chrome=106.0.5249.119)
For documentation on this error, please visit: https://selenium.dev/exceptions/#no_such_element
Build info: version: &amp;apos;4.4.0&amp;apos;, revision: &amp;apos;e5c75ed026a&amp;apos;
System info: host: &amp;apos;TAUSEEF&amp;apos;, ip: &amp;apos;192.168.11.113&amp;apos;, os.name: &amp;apos;Windows 10&amp;apos;, os.arch: &amp;apos;amd64&amp;apos;, os.version: &amp;apos;10.0&amp;apos;, java.version: &amp;apos;17.0.2&amp;apos;
Driver info: org.openqa.selenium.chrome.ChromeDriver
Command: [6a8390d9445e8808d702f7d73c38600a, findElement {using=xpath, value=//div[@id=&amp;apos;center_column&amp;apos;]/p[2]/a[1]}]
Capabilities {acceptInsecureCerts: false, browserName: chrome, browserVersion: 106.0.5249.119, chrome: {chromedriverVersion: 106.0.5249.61 (511755355844..., userDataDir: C:\Users\cp\AppData\Local\T...}, goog:chromeOptions: {debuggerAddress: localhost:62234}, networkConnectionEnabled: false, pageLoadStrategy: normal, platformName: WINDOWS, proxy: Proxy(), se:cdp: ws://localhost:62234/devtoo..., se:cdpVersion: 106.0.5249.119, setWindowRect: true, strictFileInteractability: false, timeouts: {implicit: 0, pageLoad: 300000, script: 30000}, unhandledPromptBehavior: dismiss and notify, webauthn:extension:credBlob: true, webauthn:extension:largeBlob: true, webauthn:virtualAuthenticators: true}
Session ID: 6a8390d9445e8808d702f7d73c38600a">
      <![CDATA[org.openqa.selenium.NoSuchElementException: no such element: Unable to locate element: {"method":"xpath","selector":"//div[@id='center_column']/p[2]/a[1]"}
  (Session info: chrome=106.0.5249.119)
For documentation on this error, please visit: https://selenium.dev/exceptions/#no_such_element
Build info: version: '4.4.0', revision: 'e5c75ed026a'
System info: host: 'TAUSEEF', ip: '192.168.11.113', os.name: 'Windows 10', os.arch: 'amd64', os.version: '10.0', java.version: '17.0.2'
Driver info: org.openqa.selenium.chrome.ChromeDriver
Command: [6a8390d9445e8808d702f7d73c38600a, findElement {using=xpath, value=//div[@id='center_column']/p[2]/a[1]}]
Capabilities {acceptInsecureCerts: false, browserName: chrome, browserVersion: 106.0.5249.119, chrome: {chromedriverVersion: 106.0.5249.61 (511755355844..., userDataDir: C:\Users\cp\AppData\Local\T...}, goog:chromeOptions: {debuggerAddress: localhost:62234}, networkConnectionEnabled: false, pageLoadStrategy: normal, platformName: WINDOWS, proxy: Proxy(), se:cdp: ws://localhost:62234/devtoo..., se:cdpVersion: 106.0.5249.119, setWindowRect: true, strictFileInteractability: false, timeouts: {implicit: 0, pageLoad: 300000, script: 30000}, unhandledPromptBehavior: dismiss and notify, webauthn:extension:credBlob: true, webauthn:extension:largeBlob: true, webauthn:virtualAuthenticators: true}
Session ID: 6a8390d9445e8808d702f7d73c38600a
at org.openqa.selenium.remote.codec.w3c.W3CHttpResponseCodec.createException(W3CHttpResponseCodec.java:200)
at org.openqa.selenium.remote.codec.w3c.W3CHttpResponseCodec.decode(W3CHttpResponseCodec.java:133)
at org.openqa.selenium.remote.codec.w3c.W3CHttpResponseCodec.decode(W3CHttpResponseCodec.java:53)
at org.openqa.selenium.remote.HttpCommandExecutor.execute(HttpCommandExecutor.java:184)
at org.openqa.selenium.remote.service.DriverCommandExecutor.invokeExecute(DriverCommandExecutor.java:167)
at org.openqa.selenium.remote.service.DriverCommandExecutor.execute(DriverCommandExecutor.java:142)
at org.openqa.selenium.remote.RemoteWebDriver.execute(RemoteWebDriver.java:547)
at org.openqa.selenium.remote.ElementLocation$ElementFinder$2.findElement(ElementLocation.java:162)
at org.openqa.selenium.remote.ElementLocation.findElement(ElementLocation.java:60)
at org.openqa.selenium.remote.RemoteWebDriver.findElement(RemoteWebDriver.java:365)
at org.openqa.selenium.remote.RemoteWebDriver.findElement(RemoteWebDriver.java:357)
at pageObject.CheckoutPage.getProceedChekOut(CheckoutPage.java:20)
at automation.AutomationPractice.CheckOutTest.Validate_ProceedToCheckOutBtn(CheckOutTest.java:49)
at java.base/java.util.ArrayList.forEach(ArrayList.java:1511)
... Removed 32 stack frames]]>
    </failure>
  </testcase> <!-- Validate_ProceedToCheckOutBtn -->
  <testcase classname="automation.AutomationPractice.HomePageTest" name="validateProductMoreBtnHover" time="0.0">
    <ignored/>
  </testcase> <!-- validateProductMoreBtnHover -->
  <testcase classname="automation.AutomationPractice.HomePageTest" name="validateProductQuickViewBtnHover" time="0.0">
    <ignored/>
  </testcase> <!-- validateProductQuickViewBtnHover -->
  <testcase classname="automation.AutomationPractice.HomePageTest" name="leftBannerTitleVisibility" time="0.0">
    <ignored/>
  </testcase> <!-- leftBannerTitleVisibility -->
  <testcase classname="automation.AutomationPractice.HomePageTest" name="validate_quickView_ProductAddCartBtn" time="0.0">
    <ignored/>
  </testcase> <!-- validate_quickView_ProductAddCartBtn -->
  <testcase classname="automation.AutomationPractice.HomePageTest" name="validate_quickView_Size" time="0.0">
    <ignored/>
  </testcase> <!-- validate_quickView_Size -->
  <testcase classname="automation.AutomationPractice.HomePageTest" name="quickView_Validate_Prices" time="0.0">
    <ignored/>
  </testcase> <!-- quickView_Validate_Prices -->
  <testcase classname="automation.AutomationPractice.HomePageTest" name="quickView_ValidateIMG_BottomList" time="0.0">
    <ignored/>
  </testcase> <!-- quickView_ValidateIMG_BottomList -->
  <testcase classname="automation.AutomationPractice.HomePageTest" name="leftBannerDescriptionVisibility" time="0.0">
    <ignored/>
  </testcase> <!-- leftBannerDescriptionVisibility -->
  <testcase classname="automation.AutomationPractice.HomePageTest" name="rightUpBannerVisiblity" time="0.0">
    <ignored/>
  </testcase> <!-- rightUpBannerVisiblity -->
  <testcase classname="automation.AutomationPractice.HomePageTest" name="leftBannerImageVisibility" time="0.0">
    <ignored/>
  </testcase> <!-- leftBannerImageVisibility -->
  <testcase classname="automation.AutomationPractice.HomePageTest" name="validateProductsTitle" time="0.0">
    <ignored/>
  </testcase> <!-- validateProductsTitle -->
  <testcase classname="automation.AutomationPractice.HomePageTest" name="productTabsVerification" time="0.0">
    <ignored/>
  </testcase> <!-- productTabsVerification -->
  <testcase classname="automation.AutomationPractice.HomePageTest" name="quickView_Validate_product_SKU" time="0.0">
    <ignored/>
  </testcase> <!-- quickView_Validate_product_SKU -->
  <testcase classname="automation.AutomationPractice.HomePageTest" name="validate_quickView_ProductColor" time="0.0">
    <ignored/>
  </testcase> <!-- validate_quickView_ProductColor -->
  <testcase classname="automation.AutomationPractice.HomePageTest" name="validate_quickView_Proceed_CheckoutBtn" time="0.0">
    <ignored/>
  </testcase> <!-- validate_quickView_Proceed_CheckoutBtn -->
  <testcase classname="automation.AutomationPractice.HomePageTest" name="quickViewValidateIMG" time="0.0">
    <ignored/>
  </testcase> <!-- quickViewValidateIMG -->
  <testcase classname="automation.AutomationPractice.HomePageTest" name="quickView_Validate_product_ConditionType" time="0.0">
    <ignored/>
  </testcase> <!-- quickView_Validate_product_ConditionType -->
  <testcase classname="automation.AutomationPractice.HomePageTest" name="validateQuanitityLabel" time="0.0">
    <ignored/>
  </testcase> <!-- validateQuanitityLabel -->
  <testcase classname="automation.AutomationPractice.HomePageTest" name="validate_quickView_Quanitity" time="0.0">
    <ignored/>
  </testcase> <!-- validate_quickView_Quanitity -->
  <testcase classname="automation.AutomationPractice.HomePageTest" name="rightDownBannerVisiblity" time="0.0">
    <ignored/>
  </testcase> <!-- rightDownBannerVisiblity -->
  <testcase classname="automation.AutomationPractice.HomePageTest" name="quickView_Validate_product_Title" time="0.0">
    <ignored/>
  </testcase> <!-- quickView_Validate_product_Title -->
  <testcase classname="automation.AutomationPractice.HomePageTest" name="validateProductsImage" time="0.0">
    <ignored/>
  </testcase> <!-- validateProductsImage -->
  <testcase classname="automation.AutomationPractice.HomePageTest" name="validate_quickView_continueShopBtn" time="0.0">
    <ignored/>
  </testcase> <!-- validate_quickView_continueShopBtn -->
  <testcase classname="automation.AutomationPractice.HomePageTest" name="validateProductsPrice" time="0.0">
    <ignored/>
  </testcase> <!-- validateProductsPrice -->
  <testcase classname="automation.AutomationPractice.HomePageTest" name="leftBannerShopBTNVisibility" time="0.0">
    <ignored/>
  </testcase> <!-- leftBannerShopBTNVisibility -->
  <testcase classname="automation.AutomationPractice.HomePageTest" name="quickView_Validate_product_DESC" time="0.0">
    <ignored/>
  </testcase> <!-- quickView_Validate_product_DESC -->
</testsuite> <!-- CheckOut -->
