<?xml version="1.0" encoding="UTF-8"?>
<!-- Generated by org.testng.reporters.JUnitXMLReporter -->
<testsuite ignored="0" hostname="DESKTOP-T0FEKI0" failures="1" tests="36" name="Homepage" time="215.64" errors="0" timestamp="2022-10-29T18:42:41 PKT">
  <testcase classname="automation.AutomationPractice.HomePageTest" name="leftBannerImageVisibility" time="0.887"/>
  <testcase classname="automation.AutomationPractice.HomePageTest" name="leftBannerTitleVisibility" time="0.71"/>
  <testcase classname="automation.AutomationPractice.HomePageTest" name="leftBannerDescriptionVisibility" time="0.556"/>
  <testcase classname="automation.AutomationPractice.HomePageTest" name="leftBannerShopBTNVisibility" time="0.559"/>
  <testcase classname="automation.AutomationPractice.HomePageTest" name="rightUpBannerVisiblity" time="0.066"/>
  <testcase classname="automation.AutomationPractice.HomePageTest" name="rightDownBannerVisiblity" time="0.057"/>
  <testcase classname="automation.AutomationPractice.HomePageTest" name="productTabsVerification" time="0.908"/>
  <testcase classname="automation.AutomationPractice.HomePageTest" name="validateProductsTitle" time="0.374"/>
  <testcase classname="automation.AutomationPractice.HomePageTest" name="validateProductsPrice" time="0.239"/>
  <testcase classname="automation.AutomationPractice.HomePageTest" name="validateProductsImage" time="0.14">
    <failure type="java.lang.AssertionError" message="Product Image visiblity expected [true] but found [false]">
      <![CDATA[java.lang.AssertionError: Product Image visiblity expected [true] but found [false]
at automation.AutomationPractice.HomePageTest.validateProductsImage(HomePageTest.java:292)
at java.base/java.util.ArrayList.forEach(ArrayList.java:1511)
... Removed 28 stack frames]]>
    </failure>
  </testcase> <!-- validateProductsImage -->
  <testcase classname="automation.AutomationPractice.HomePageTest" name="validateProductQuickViewBtnHover" time="0.4"/>
  <testcase classname="automation.AutomationPractice.HomePageTest" name="quickViewValidateIMG" time="7.7"/>
  <testcase classname="automation.AutomationPractice.HomePageTest" name="quickView_ValidateIMG_BottomList" time="0.151"/>
  <testcase classname="automation.AutomationPractice.HomePageTest" name="quickView_Validate_product_Title" time="0.102"/>
  <testcase classname="automation.AutomationPractice.HomePageTest" name="quickView_Validate_product_SKU" time="0.049"/>
  <testcase classname="automation.AutomationPractice.HomePageTest" name="quickView_Validate_product_ConditionType" time="0.044"/>
  <testcase classname="automation.AutomationPractice.HomePageTest" name="quickView_Validate_product_DESC" time="0.053"/>
  <testcase classname="automation.AutomationPractice.HomePageTest" name="quickView_Validate_Prices" time="0.101"/>
  <testcase classname="automation.AutomationPractice.HomePageTest" name="validateQuanitityLabel" time="0.05"/>
  <testcase classname="automation.AutomationPractice.HomePageTest" name="validate_quickView_Quanitity" time="0.735"/>
  <testcase classname="automation.AutomationPractice.HomePageTest" name="validate_quickView_Size" time="0.276"/>
  <testcase classname="automation.AutomationPractice.HomePageTest" name="validate_quickView_ProductColor" time="10.487"/>
  <testcase classname="automation.AutomationPractice.HomePageTest" name="validate_quickView_ProductAddCartBtn" time="0.374"/>
  <testcase classname="automation.AutomationPractice.HomePageTest" name="validate_quickView_Proceed_CheckoutBtn" time="5.596"/>
  <testcase classname="automation.AutomationPractice.HomePageTest" name="validate_quickView_continueShopBtn" time="0.151"/>
  <testcase classname="automation.AutomationPractice.HomePageTest" name="validateProductMoreBtnHover" time="11.025"/>
  <testcase classname="automation.AutomationPractice.HomePageTest" name="validateProduct_cart" time="97.508"/>
  <testcase classname="automation.AutomationPractice.CheckOutTest" name="addToCart" time="15.656"/>
  <testcase classname="automation.AutomationPractice.CheckOutTest" name="Validate_ProceedToCheckOutBtn" time="3.932"/>
  <testcase classname="automation.AutomationPractice.CheckOutTest" name="validate_User_authentication" time="9.028"/>
  <testcase classname="automation.AutomationPractice.CheckOutTest" name="validate_AddrPage_proceedBtn" time="2.543"/>
  <testcase classname="automation.AutomationPractice.CheckOutTest" name="validate_ShippingPage_TOsCheckBOx" time="0.377"/>
  <testcase classname="automation.AutomationPractice.CheckOutTest" name="validate_ShppingProceedBtn" time="2.101"/>
  <testcase classname="automation.AutomationPractice.CheckOutTest" name="validate_PaymentPageTab" time="0.132"/>
  <testcase classname="automation.AutomationPractice.CheckOutTest" name="validate_PaymentPageTXT" time="0.137"/>
  <testcase classname="automation.AutomationPractice.CheckOutTest" name="validate_PaymentMethods" time="17.517"/>
</testsuite> <!-- Homepage -->
