<?xml version="1.0" encoding="UTF-8"?>
<testng-results ignored="0" total="9" passed="7" failed="2" skipped="0">
  <reporter-output>
  </reporter-output>
  <suite started-at="2022-09-14T22:34:51 PKT" name="Default suite" finished-at="2022-09-14T22:36:13 PKT" duration-ms="81850">
    <groups>
    </groups>
    <test started-at="2022-09-14T22:34:51 PKT" name="Default test" finished-at="2022-09-14T22:36:13 PKT" duration-ms="81850">
      <class name="automation.AutomationPractice.HomePageTest">
        <test-method is-config="true" signature="initialization()[pri:0, instance:automation.AutomationPractice.HomePageTest@54bff557]" started-at="2022-09-14T22:34:51 PKT" name="initialization" finished-at="2022-09-14T22:36:11 PKT" duration-ms="79985" status="PASS">
          <reporter-output>
          </reporter-output>
        </test-method> <!-- initialization -->
        <test-method is-config="true" signature="waitMethod()[pri:0, instance:automation.AutomationPractice.HomePageTest@54bff557]" started-at="2022-09-14T22:36:11 PKT" name="waitMethod" finished-at="2022-09-14T22:36:11 PKT" duration-ms="5" status="PASS">
          <reporter-output>
          </reporter-output>
        </test-method> <!-- waitMethod -->
        <test-method signature="leftBannerDescriptionVisibility()[pri:0, instance:automation.AutomationPractice.HomePageTest@54bff557]" started-at="2022-09-14T22:36:11 PKT" name="leftBannerDescriptionVisibility" finished-at="2022-09-14T22:36:11 PKT" duration-ms="428" status="PASS">
          <reporter-output>
          </reporter-output>
        </test-method> <!-- leftBannerDescriptionVisibility -->
        <test-method is-config="true" signature="waitMethod()[pri:0, instance:automation.AutomationPractice.HomePageTest@54bff557]" started-at="2022-09-14T22:36:11 PKT" name="waitMethod" finished-at="2022-09-14T22:36:11 PKT" duration-ms="2" status="PASS">
          <reporter-output>
          </reporter-output>
        </test-method> <!-- waitMethod -->
        <test-method signature="leftBannerImageVisibility()[pri:0, instance:automation.AutomationPractice.HomePageTest@54bff557]" started-at="2022-09-14T22:36:11 PKT" name="leftBannerImageVisibility" finished-at="2022-09-14T22:36:12 PKT" duration-ms="359" status="PASS">
          <reporter-output>
          </reporter-output>
        </test-method> <!-- leftBannerImageVisibility -->
        <test-method is-config="true" signature="waitMethod()[pri:0, instance:automation.AutomationPractice.HomePageTest@54bff557]" started-at="2022-09-14T22:36:12 PKT" name="waitMethod" finished-at="2022-09-14T22:36:12 PKT" duration-ms="2" status="PASS">
          <reporter-output>
          </reporter-output>
        </test-method> <!-- waitMethod -->
        <test-method signature="leftBannerShopBTNVisibility()[pri:0, instance:automation.AutomationPractice.HomePageTest@54bff557]" started-at="2022-09-14T22:36:12 PKT" name="leftBannerShopBTNVisibility" finished-at="2022-09-14T22:36:12 PKT" duration-ms="339" status="PASS">
          <reporter-output>
          </reporter-output>
        </test-method> <!-- leftBannerShopBTNVisibility -->
        <test-method is-config="true" signature="waitMethod()[pri:0, instance:automation.AutomationPractice.HomePageTest@54bff557]" started-at="2022-09-14T22:36:12 PKT" name="waitMethod" finished-at="2022-09-14T22:36:12 PKT" duration-ms="2" status="PASS">
          <reporter-output>
          </reporter-output>
        </test-method> <!-- waitMethod -->
        <test-method signature="leftBannerTitleVisibility()[pri:0, instance:automation.AutomationPractice.HomePageTest@54bff557]" started-at="2022-09-14T22:36:12 PKT" name="leftBannerTitleVisibility" finished-at="2022-09-14T22:36:12 PKT" duration-ms="327" status="PASS">
          <reporter-output>
          </reporter-output>
        </test-method> <!-- leftBannerTitleVisibility -->
        <test-method is-config="true" signature="waitMethod()[pri:0, instance:automation.AutomationPractice.HomePageTest@54bff557]" started-at="2022-09-14T22:36:12 PKT" name="waitMethod" finished-at="2022-09-14T22:36:12 PKT" duration-ms="2" status="PASS">
          <reporter-output>
          </reporter-output>
        </test-method> <!-- waitMethod -->
        <test-method signature="productHoverQuickViewVerification()[pri:0, instance:automation.AutomationPractice.HomePageTest@54bff557]" started-at="2022-09-14T22:36:12 PKT" name="productHoverQuickViewVerification" finished-at="2022-09-14T22:36:13 PKT" duration-ms="43" status="FAIL">
          <exception class="org.openqa.selenium.ElementNotInteractableException">
            <message>
              <![CDATA[element not interactable: http://automationpractice.com/index.php?id_product=1&controller=product has no size and location
  (Session info: chrome=105.0.5195.125)
Build info: version: '4.4.0', revision: 'e5c75ed026a'
System info: host: 'TAUSEEF', ip: '192.168.100.173', os.name: 'Windows 10', os.arch: 'amd64', os.version: '10.0', java.version: '17.0.2'
Driver info: org.openqa.selenium.chrome.ChromeDriver
Command: [28e843a7cde4ec27db541328f792e8e3, actions {actions=[org.openqa.selenium.interactions.Sequence@43af351a]}]
Capabilities {acceptInsecureCerts: false, browserName: chrome, browserVersion: 105.0.5195.125, chrome: {chromedriverVersion: 104.0.5112.79 (3cf3e8c8a07d..., userDataDir: C:\Users\cp\AppData\Local\T...}, goog:chromeOptions: {debuggerAddress: localhost:65276}, networkConnectionEnabled: false, pageLoadStrategy: normal, platformName: WINDOWS, proxy: Proxy(), se:cdp: ws://localhost:65276/devtoo..., se:cdpVersion: 105.0.5195.125, setWindowRect: true, strictFileInteractability: false, timeouts: {implicit: 0, pageLoad: 300000, script: 30000}, unhandledPromptBehavior: dismiss and notify, webauthn:extension:credBlob: true, webauthn:extension:largeBlob: true, webauthn:virtualAuthenticators: true}
Session ID: 28e843a7cde4ec27db541328f792e8e3]]>
            </message>
            <full-stacktrace>
              <![CDATA[org.openqa.selenium.ElementNotInteractableException: element not interactable: http://automationpractice.com/index.php?id_product=1&controller=product has no size and location
  (Session info: chrome=105.0.5195.125)
Build info: version: '4.4.0', revision: 'e5c75ed026a'
System info: host: 'TAUSEEF', ip: '192.168.100.173', os.name: 'Windows 10', os.arch: 'amd64', os.version: '10.0', java.version: '17.0.2'
Driver info: org.openqa.selenium.chrome.ChromeDriver
Command: [28e843a7cde4ec27db541328f792e8e3, actions {actions=[org.openqa.selenium.interactions.Sequence@43af351a]}]
Capabilities {acceptInsecureCerts: false, browserName: chrome, browserVersion: 105.0.5195.125, chrome: {chromedriverVersion: 104.0.5112.79 (3cf3e8c8a07d..., userDataDir: C:\Users\cp\AppData\Local\T...}, goog:chromeOptions: {debuggerAddress: localhost:65276}, networkConnectionEnabled: false, pageLoadStrategy: normal, platformName: WINDOWS, proxy: Proxy(), se:cdp: ws://localhost:65276/devtoo..., se:cdpVersion: 105.0.5195.125, setWindowRect: true, strictFileInteractability: false, timeouts: {implicit: 0, pageLoad: 300000, script: 30000}, unhandledPromptBehavior: dismiss and notify, webauthn:extension:credBlob: true, webauthn:extension:largeBlob: true, webauthn:virtualAuthenticators: true}
Session ID: 28e843a7cde4ec27db541328f792e8e3
at java.base/jdk.internal.reflect.NativeConstructorAccessorImpl.newInstance0(Native Method)
at java.base/jdk.internal.reflect.NativeConstructorAccessorImpl.newInstance(NativeConstructorAccessorImpl.java:77)
at java.base/jdk.internal.reflect.DelegatingConstructorAccessorImpl.newInstance(DelegatingConstructorAccessorImpl.java:45)
at java.base/java.lang.reflect.Constructor.newInstanceWithCaller(Constructor.java:499)
at java.base/java.lang.reflect.Constructor.newInstance(Constructor.java:480)
at org.openqa.selenium.remote.codec.w3c.W3CHttpResponseCodec.createException(W3CHttpResponseCodec.java:200)
at org.openqa.selenium.remote.codec.w3c.W3CHttpResponseCodec.decode(W3CHttpResponseCodec.java:133)
at org.openqa.selenium.remote.codec.w3c.W3CHttpResponseCodec.decode(W3CHttpResponseCodec.java:53)
at org.openqa.selenium.remote.HttpCommandExecutor.execute(HttpCommandExecutor.java:184)
at org.openqa.selenium.remote.service.DriverCommandExecutor.invokeExecute(DriverCommandExecutor.java:167)
at org.openqa.selenium.remote.service.DriverCommandExecutor.execute(DriverCommandExecutor.java:142)
at org.openqa.selenium.remote.RemoteWebDriver.execute(RemoteWebDriver.java:547)
at org.openqa.selenium.remote.RemoteWebDriver.perform(RemoteWebDriver.java:615)
at org.openqa.selenium.interactions.Actions$BuiltAction.perform(Actions.java:567)
at automation.AutomationPractice.HomePageTest.productHoverQuickViewVerification(HomePageTest.java:248)
at java.base/jdk.internal.reflect.NativeMethodAccessorImpl.invoke0(Native Method)
at java.base/jdk.internal.reflect.NativeMethodAccessorImpl.invoke(NativeMethodAccessorImpl.java:77)
at java.base/jdk.internal.reflect.DelegatingMethodAccessorImpl.invoke(DelegatingMethodAccessorImpl.java:43)
at java.base/java.lang.reflect.Method.invoke(Method.java:568)
at org.testng.internal.MethodInvocationHelper.invokeMethod(MethodInvocationHelper.java:133)
at org.testng.internal.TestInvoker.invokeMethod(TestInvoker.java:598)
at org.testng.internal.TestInvoker.invokeTestMethod(TestInvoker.java:173)
at org.testng.internal.MethodRunner.runInSequence(MethodRunner.java:46)
at org.testng.internal.TestInvoker$MethodInvocationAgent.invoke(TestInvoker.java:824)
at org.testng.internal.TestInvoker.invokeTestMethods(TestInvoker.java:146)
at org.testng.internal.TestMethodWorker.invokeTestMethods(TestMethodWorker.java:146)
at org.testng.internal.TestMethodWorker.run(TestMethodWorker.java:128)
at java.base/java.util.ArrayList.forEach(ArrayList.java:1511)
at org.testng.TestRunner.privateRun(TestRunner.java:794)
at org.testng.TestRunner.run(TestRunner.java:596)
at org.testng.SuiteRunner.runTest(SuiteRunner.java:377)
at org.testng.SuiteRunner.runSequentially(SuiteRunner.java:371)
at org.testng.SuiteRunner.privateRun(SuiteRunner.java:332)
at org.testng.SuiteRunner.run(SuiteRunner.java:276)
at org.testng.SuiteRunnerWorker.runSuite(SuiteRunnerWorker.java:53)
at org.testng.SuiteRunnerWorker.run(SuiteRunnerWorker.java:96)
at org.testng.TestNG.runSuitesSequentially(TestNG.java:1212)
at org.testng.TestNG.runSuitesLocally(TestNG.java:1134)
at org.testng.TestNG.runSuites(TestNG.java:1063)
at org.testng.TestNG.run(TestNG.java:1031)
at org.testng.remote.AbstractRemoteTestNG.run(AbstractRemoteTestNG.java:115)
at org.testng.remote.RemoteTestNG.initAndRun(RemoteTestNG.java:251)
at org.testng.remote.RemoteTestNG.main(RemoteTestNG.java:77)
]]>
            </full-stacktrace>
          </exception> <!-- org.openqa.selenium.ElementNotInteractableException -->
          <reporter-output>
          </reporter-output>
        </test-method> <!-- productHoverQuickViewVerification -->
        <test-method is-config="true" signature="waitMethod()[pri:0, instance:automation.AutomationPractice.HomePageTest@54bff557]" started-at="2022-09-14T22:36:13 PKT" name="waitMethod" finished-at="2022-09-14T22:36:13 PKT" duration-ms="2" status="PASS">
          <reporter-output>
          </reporter-output>
        </test-method> <!-- waitMethod -->
        <test-method signature="productTabsVerification()[pri:0, instance:automation.AutomationPractice.HomePageTest@54bff557]" started-at="2022-09-14T22:36:13 PKT" name="productTabsVerification" finished-at="2022-09-14T22:36:13 PKT" duration-ms="204" status="PASS">
          <reporter-output>
          </reporter-output>
        </test-method> <!-- productTabsVerification -->
        <test-method is-config="true" signature="waitMethod()[pri:0, instance:automation.AutomationPractice.HomePageTest@54bff557]" started-at="2022-09-14T22:36:13 PKT" name="waitMethod" finished-at="2022-09-14T22:36:13 PKT" duration-ms="2" status="PASS">
          <reporter-output>
          </reporter-output>
        </test-method> <!-- waitMethod -->
        <test-method signature="productVerification()[pri:0, instance:automation.AutomationPractice.HomePageTest@54bff557]" started-at="2022-09-14T22:36:13 PKT" name="productVerification" finished-at="2022-09-14T22:36:13 PKT" duration-ms="45" status="FAIL">
          <exception class="java.lang.AssertionError">
            <message>
              <![CDATA[Product Image visiblity expected [true] but found [false]]]>
            </message>
            <full-stacktrace>
              <![CDATA[java.lang.AssertionError: Product Image visiblity expected [true] but found [false]
at org.testng.Assert.fail(Assert.java:99)
at org.testng.Assert.failNotEquals(Assert.java:1037)
at org.testng.Assert.assertTrue(Assert.java:45)
at automation.AutomationPractice.HomePageTest.productVerification(HomePageTest.java:229)
at java.base/jdk.internal.reflect.NativeMethodAccessorImpl.invoke0(Native Method)
at java.base/jdk.internal.reflect.NativeMethodAccessorImpl.invoke(NativeMethodAccessorImpl.java:77)
at java.base/jdk.internal.reflect.DelegatingMethodAccessorImpl.invoke(DelegatingMethodAccessorImpl.java:43)
at java.base/java.lang.reflect.Method.invoke(Method.java:568)
at org.testng.internal.MethodInvocationHelper.invokeMethod(MethodInvocationHelper.java:133)
at org.testng.internal.TestInvoker.invokeMethod(TestInvoker.java:598)
at org.testng.internal.TestInvoker.invokeTestMethod(TestInvoker.java:173)
at org.testng.internal.MethodRunner.runInSequence(MethodRunner.java:46)
at org.testng.internal.TestInvoker$MethodInvocationAgent.invoke(TestInvoker.java:824)
at org.testng.internal.TestInvoker.invokeTestMethods(TestInvoker.java:146)
at org.testng.internal.TestMethodWorker.invokeTestMethods(TestMethodWorker.java:146)
at org.testng.internal.TestMethodWorker.run(TestMethodWorker.java:128)
at java.base/java.util.ArrayList.forEach(ArrayList.java:1511)
at org.testng.TestRunner.privateRun(TestRunner.java:794)
at org.testng.TestRunner.run(TestRunner.java:596)
at org.testng.SuiteRunner.runTest(SuiteRunner.java:377)
at org.testng.SuiteRunner.runSequentially(SuiteRunner.java:371)
at org.testng.SuiteRunner.privateRun(SuiteRunner.java:332)
at org.testng.SuiteRunner.run(SuiteRunner.java:276)
at org.testng.SuiteRunnerWorker.runSuite(SuiteRunnerWorker.java:53)
at org.testng.SuiteRunnerWorker.run(SuiteRunnerWorker.java:96)
at org.testng.TestNG.runSuitesSequentially(TestNG.java:1212)
at org.testng.TestNG.runSuitesLocally(TestNG.java:1134)
at org.testng.TestNG.runSuites(TestNG.java:1063)
at org.testng.TestNG.run(TestNG.java:1031)
at org.testng.remote.AbstractRemoteTestNG.run(AbstractRemoteTestNG.java:115)
at org.testng.remote.RemoteTestNG.initAndRun(RemoteTestNG.java:251)
at org.testng.remote.RemoteTestNG.main(RemoteTestNG.java:77)
]]>
            </full-stacktrace>
          </exception> <!-- java.lang.AssertionError -->
          <reporter-output>
          </reporter-output>
        </test-method> <!-- productVerification -->
        <test-method is-config="true" signature="waitMethod()[pri:0, instance:automation.AutomationPractice.HomePageTest@54bff557]" started-at="2022-09-14T22:36:13 PKT" name="waitMethod" finished-at="2022-09-14T22:36:13 PKT" duration-ms="2" status="PASS">
          <reporter-output>
          </reporter-output>
        </test-method> <!-- waitMethod -->
        <test-method signature="rightDownBannerVisiblity()[pri:0, instance:automation.AutomationPractice.HomePageTest@54bff557]" started-at="2022-09-14T22:36:13 PKT" name="rightDownBannerVisiblity" finished-at="2022-09-14T22:36:13 PKT" duration-ms="27" status="PASS">
          <reporter-output>
          </reporter-output>
        </test-method> <!-- rightDownBannerVisiblity -->
        <test-method is-config="true" signature="waitMethod()[pri:0, instance:automation.AutomationPractice.HomePageTest@54bff557]" started-at="2022-09-14T22:36:13 PKT" name="waitMethod" finished-at="2022-09-14T22:36:13 PKT" duration-ms="1" status="PASS">
          <reporter-output>
          </reporter-output>
        </test-method> <!-- waitMethod -->
        <test-method signature="rightUpBannerVisiblity()[pri:0, instance:automation.AutomationPractice.HomePageTest@54bff557]" started-at="2022-09-14T22:36:13 PKT" name="rightUpBannerVisiblity" finished-at="2022-09-14T22:36:13 PKT" duration-ms="28" status="PASS">
          <reporter-output>
          </reporter-output>
        </test-method> <!-- rightUpBannerVisiblity -->
      </class> <!-- automation.AutomationPractice.HomePageTest -->
    </test> <!-- Default test -->
  </suite> <!-- Default suite -->
</testng-results>
