<?xml version="1.0" encoding="UTF-8"?>
<!-- Generated by org.testng.reporters.JUnitReportReporter -->
<testsuite hostname="TAUSEEF" failures="0" tests="14" name="automation.AutomationPractice.HeaderTest" time="7.161" errors="1" timestamp="2022-09-10T15:12:03 PKT" skipped="13">
  <testcase classname="automation.AutomationPractice.HeaderTest" name="womanNavVerification" time="0.000">
    <skipped/>
  </testcase> <!-- womanNavVerification -->
  <system-out/>
  <testcase classname="automation.AutomationPractice.HeaderTest" name="homeLogoVisibility" time="0.000">
    <skipped/>
  </testcase> <!-- homeLogoVisibility -->
  <system-out/>
  <testcase classname="automation.AutomationPractice.HeaderTest" name="tShirtsNavClick" time="0.000">
    <skipped/>
  </testcase> <!-- tShirtsNavClick -->
  <system-out/>
  <testcase classname="automation.AutomationPractice.HeaderTest" name="DressNavVerification" time="0.000">
    <skipped/>
  </testcase> <!-- DressNavVerification -->
  <system-out/>
  <testcase classname="automation.AutomationPractice.HeaderTest" name="contactsUsVisiblity" time="0.000">
    <skipped/>
  </testcase> <!-- contactsUsVisiblity -->
  <system-out/>
  <testcase classname="automation.AutomationPractice.HeaderTest" name="sigInVisiblity" time="0.000">
    <skipped/>
  </testcase> <!-- sigInVisiblity -->
  <system-out/>
  <testcase classname="automation.AutomationPractice.HeaderTest" name="searchFeildVisibility" time="0.000">
    <skipped/>
  </testcase> <!-- searchFeildVisibility -->
  <system-out/>
  <testcase classname="automation.AutomationPractice.HeaderTest" name="searchFunctionality" time="0.000">
    <skipped/>
  </testcase> <!-- searchFunctionality -->
  <system-out/>
  <testcase classname="automation.AutomationPractice.HeaderTest" name="ContactUSBtn" time="0.000">
    <skipped/>
  </testcase> <!-- ContactUSBtn -->
  <system-out/>
  <testcase classname="automation.AutomationPractice.HeaderTest" name="SignINBtn" time="0.000">
    <skipped/>
  </testcase> <!-- SignINBtn -->
  <system-out/>
  <testcase classname="automation.AutomationPractice.HeaderTest" name="navVisiblity" time="0.000">
    <skipped/>
  </testcase> <!-- navVisiblity -->
  <system-out/>
  <testcase classname="automation.AutomationPractice.HeaderTest" name="initialization" time="7.161">
    <error message="no such window: target window already closed
from unknown error: web view not found
  (Session info: chrome=105.0.5195.102)
Build info: version: &#039;4.4.0&#039;, revision: &#039;e5c75ed026a&#039;
System info: host: &#039;TAUSEEF&#039;, ip: &#039;192.168.0.103&#039;, os.name: &#039;Windows 10&#039;, os.arch: &#039;amd64&#039;, os.version: &#039;10.0&#039;, java.version: &#039;17.0.2&#039;
Driver info: org.openqa.selenium.chrome.ChromeDriver
Command: [eb6af74552fa3ac1bfe7238b5d743b15, getTitle {}]
Capabilities {acceptInsecureCerts: false, browserName: chrome, browserVersion: 105.0.5195.102, chrome: {chromedriverVersion: 104.0.5112.79 (3cf3e8c8a07d..., userDataDir: C:\Users\cp\AppData\Local\T...}, goog:chromeOptions: {debuggerAddress: localhost:49794}, networkConnectionEnabled: false, pageLoadStrategy: normal, platformName: WINDOWS, proxy: Proxy(), se:cdp: ws://localhost:49794/devtoo..., se:cdpVersion: 105.0.5195.102, setWindowRect: true, strictFileInteractability: false, timeouts: {implicit: 0, pageLoad: 300000, script: 30000}, unhandledPromptBehavior: dismiss and notify, webauthn:extension:credBlob: true, webauthn:extension:largeBlob: true, webauthn:virtualAuthenticators: true}
Session ID: eb6af74552fa3ac1bfe7238b5d743b15" type="org.openqa.selenium.NoSuchWindowException">
      <![CDATA[org.openqa.selenium.NoSuchWindowException: no such window: target window already closed
from unknown error: web view not found
  (Session info: chrome=105.0.5195.102)
Build info: version: '4.4.0', revision: 'e5c75ed026a'
System info: host: 'TAUSEEF', ip: '192.168.0.103', os.name: 'Windows 10', os.arch: 'amd64', os.version: '10.0', java.version: '17.0.2'
Driver info: org.openqa.selenium.chrome.ChromeDriver
Command: [eb6af74552fa3ac1bfe7238b5d743b15, getTitle {}]
Capabilities {acceptInsecureCerts: false, browserName: chrome, browserVersion: 105.0.5195.102, chrome: {chromedriverVersion: 104.0.5112.79 (3cf3e8c8a07d..., userDataDir: C:\Users\cp\AppData\Local\T...}, goog:chromeOptions: {debuggerAddress: localhost:49794}, networkConnectionEnabled: false, pageLoadStrategy: normal, platformName: WINDOWS, proxy: Proxy(), se:cdp: ws://localhost:49794/devtoo..., se:cdpVersion: 105.0.5195.102, setWindowRect: true, strictFileInteractability: false, timeouts: {implicit: 0, pageLoad: 300000, script: 30000}, unhandledPromptBehavior: dismiss and notify, webauthn:extension:credBlob: true, webauthn:extension:largeBlob: true, webauthn:virtualAuthenticators: true}
Session ID: eb6af74552fa3ac1bfe7238b5d743b15
at java.base/jdk.internal.reflect.NativeConstructorAccessorImpl.newInstance0(Native Method)
at java.base/jdk.internal.reflect.NativeConstructorAccessorImpl.newInstance(NativeConstructorAccessorImpl.java:77)
at java.base/jdk.internal.reflect.DelegatingConstructorAccessorImpl.newInstance(DelegatingConstructorAccessorImpl.java:45)
at java.base/java.lang.reflect.Constructor.newInstanceWithCaller(Constructor.java:499)
at java.base/java.lang.reflect.Constructor.newInstance(Constructor.java:480)
at org.openqa.selenium.remote.codec.w3c.W3CHttpResponseCodec.createException(W3CHttpResponseCodec.java:200)
at org.openqa.selenium.remote.codec.w3c.W3CHttpResponseCodec.decode(W3CHttpResponseCodec.java:133)
at org.openqa.selenium.remote.codec.w3c.W3CHttpResponseCodec.decode(W3CHttpResponseCodec.java:53)
at org.openqa.selenium.remote.HttpCommandExecutor.execute(HttpCommandExecutor.java:184)
at org.openqa.selenium.remote.service.DriverCommandExecutor.invokeExecute(DriverCommandExecutor.java:167)
at org.openqa.selenium.remote.service.DriverCommandExecutor.execute(DriverCommandExecutor.java:142)
at org.openqa.selenium.remote.RemoteWebDriver.execute(RemoteWebDriver.java:547)
at org.openqa.selenium.remote.RemoteWebDriver.execute(RemoteWebDriver.java:602)
at org.openqa.selenium.remote.RemoteWebDriver.execute(RemoteWebDriver.java:606)
at org.openqa.selenium.remote.RemoteWebDriver.getTitle(RemoteWebDriver.java:315)
at pageObject.HeaderPageOB.<init>(HeaderPageOB.java:38)
at automation.AutomationPractice.HeaderTest.initialization(HeaderTest.java:25)
at java.base/jdk.internal.reflect.NativeMethodAccessorImpl.invoke0(Native Method)
at java.base/jdk.internal.reflect.NativeMethodAccessorImpl.invoke(NativeMethodAccessorImpl.java:77)
at java.base/jdk.internal.reflect.DelegatingMethodAccessorImpl.invoke(DelegatingMethodAccessorImpl.java:43)
at java.base/java.lang.reflect.Method.invoke(Method.java:568)
at org.testng.internal.MethodInvocationHelper.invokeMethod(MethodInvocationHelper.java:133)
at org.testng.internal.MethodInvocationHelper.invokeMethodConsideringTimeout(MethodInvocationHelper.java:62)
at org.testng.internal.ConfigInvoker.invokeConfigurationMethod(ConfigInvoker.java:385)
at org.testng.internal.ConfigInvoker.invokeConfigurations(ConfigInvoker.java:321)
at org.testng.TestRunner.invokeTestConfigurations(TestRunner.java:637)
at org.testng.TestRunner.beforeRun(TestRunner.java:627)
at org.testng.TestRunner.run(TestRunner.java:589)
at org.testng.SuiteRunner.runTest(SuiteRunner.java:377)
at org.testng.SuiteRunner.runSequentially(SuiteRunner.java:371)
at org.testng.SuiteRunner.privateRun(SuiteRunner.java:332)
at org.testng.SuiteRunner.run(SuiteRunner.java:276)
at org.testng.SuiteRunnerWorker.runSuite(SuiteRunnerWorker.java:53)
at org.testng.SuiteRunnerWorker.run(SuiteRunnerWorker.java:96)
at org.testng.TestNG.runSuitesSequentially(TestNG.java:1212)
at org.testng.TestNG.runSuitesLocally(TestNG.java:1134)
at org.testng.TestNG.runSuites(TestNG.java:1063)
at org.testng.TestNG.run(TestNG.java:1031)
at org.testng.remote.AbstractRemoteTestNG.run(AbstractRemoteTestNG.java:115)
at org.testng.remote.RemoteTestNG.initAndRun(RemoteTestNG.java:251)
at org.testng.remote.RemoteTestNG.main(RemoteTestNG.java:77)
]]>
    </error>
  </testcase> <!-- initialization -->
  <system-out/>
  <testcase classname="automation.AutomationPractice.HeaderTest" name="phoneVisibility" time="0.000">
    <skipped/>
  </testcase> <!-- phoneVisibility -->
  <system-out/>
  <testcase classname="automation.AutomationPractice.HeaderTest" name="bannerVisibility" time="0.000">
    <skipped/>
  </testcase> <!-- bannerVisibility -->
  <system-out/>
</testsuite> <!-- automation.AutomationPractice.HeaderTest -->
