<?xml version="1.0" encoding="UTF-8"?>
<!-- Generated by org.testng.reporters.JUnitReportReporter -->
<testsuite hostname="DESKTOP-R2JQ3L7" failures="0" tests="14" name="automation.AutomationPractice.Homepage" time="33.409" errors="1" timestamp="2022-09-01T21:58:49 PKT" skipped="13">
  <testcase classname="automation.AutomationPractice.Homepage" name="SignINBtn" time="0.000">
    <skipped/>
  </testcase> <!-- SignINBtn -->
  <system-out/>
  <testcase classname="automation.AutomationPractice.Homepage" name="bannerVisibility" time="0.000">
    <skipped/>
  </testcase> <!-- bannerVisibility -->
  <system-out/>
  <testcase classname="automation.AutomationPractice.Homepage" name="navVisiblity" time="0.000">
    <skipped/>
  </testcase> <!-- navVisiblity -->
  <system-out/>
  <testcase classname="automation.AutomationPractice.Homepage" name="womanNavVerification" time="0.000">
    <skipped/>
  </testcase> <!-- womanNavVerification -->
  <system-out/>
  <testcase classname="automation.AutomationPractice.Homepage" name="ContactUSBtn" time="0.000">
    <skipped/>
  </testcase> <!-- ContactUSBtn -->
  <system-out/>
  <testcase classname="automation.AutomationPractice.Homepage" name="initialization" time="33.409">
    <error message="unknown error: cannot determine loading status
from disconnected: received Inspector.detached event
  (Session info: chrome=105.0.5195.54)
Build info: version: &#039;4.4.0&#039;, revision: &#039;e5c75ed026a&#039;
System info: host: &#039;DESKTOP-R2JQ3L7&#039;, ip: &#039;192.168.100.150&#039;, os.name: &#039;Windows 10&#039;, os.arch: &#039;amd64&#039;, os.version: &#039;10.0&#039;, java.version: &#039;18.0.2.1&#039;
Driver info: org.openqa.selenium.chrome.ChromeDriver
Command: [d60c550ab8e0b674aa1532021acb8843, get {url=http://automationpractice.com/index.php}]
Capabilities {acceptInsecureCerts: false, browserName: chrome, browserVersion: 105.0.5195.54, chrome: {chromedriverVersion: 104.0.5112.79 (3cf3e8c8a07d..., userDataDir: C:\Users\CP\AppData\Local\T...}, goog:chromeOptions: {debuggerAddress: localhost:51178}, networkConnectionEnabled: false, pageLoadStrategy: normal, platformName: WINDOWS, proxy: Proxy(), se:cdp: ws://localhost:51178/devtoo..., se:cdpVersion: 105.0.5195.54, setWindowRect: true, strictFileInteractability: false, timeouts: {implicit: 0, pageLoad: 300000, script: 30000}, unhandledPromptBehavior: dismiss and notify, webauthn:extension:credBlob: true, webauthn:extension:largeBlob: true, webauthn:virtualAuthenticators: true}
Session ID: d60c550ab8e0b674aa1532021acb8843" type="org.openqa.selenium.WebDriverException">
      <![CDATA[org.openqa.selenium.WebDriverException: unknown error: cannot determine loading status
from disconnected: received Inspector.detached event
  (Session info: chrome=105.0.5195.54)
Build info: version: '4.4.0', revision: 'e5c75ed026a'
System info: host: 'DESKTOP-R2JQ3L7', ip: '192.168.100.150', os.name: 'Windows 10', os.arch: 'amd64', os.version: '10.0', java.version: '18.0.2.1'
Driver info: org.openqa.selenium.chrome.ChromeDriver
Command: [d60c550ab8e0b674aa1532021acb8843, get {url=http://automationpractice.com/index.php}]
Capabilities {acceptInsecureCerts: false, browserName: chrome, browserVersion: 105.0.5195.54, chrome: {chromedriverVersion: 104.0.5112.79 (3cf3e8c8a07d..., userDataDir: C:\Users\CP\AppData\Local\T...}, goog:chromeOptions: {debuggerAddress: localhost:51178}, networkConnectionEnabled: false, pageLoadStrategy: normal, platformName: WINDOWS, proxy: Proxy(), se:cdp: ws://localhost:51178/devtoo..., se:cdpVersion: 105.0.5195.54, setWindowRect: true, strictFileInteractability: false, timeouts: {implicit: 0, pageLoad: 300000, script: 30000}, unhandledPromptBehavior: dismiss and notify, webauthn:extension:credBlob: true, webauthn:extension:largeBlob: true, webauthn:virtualAuthenticators: true}
Session ID: d60c550ab8e0b674aa1532021acb8843
at java.base/jdk.internal.reflect.DirectConstructorHandleAccessor.newInstance(DirectConstructorHandleAccessor.java:67)
at java.base/java.lang.reflect.Constructor.newInstanceWithCaller(Constructor.java:499)
at java.base/java.lang.reflect.Constructor.newInstance(Constructor.java:483)
at org.openqa.selenium.remote.codec.w3c.W3CHttpResponseCodec.createException(W3CHttpResponseCodec.java:200)
at org.openqa.selenium.remote.codec.w3c.W3CHttpResponseCodec.decode(W3CHttpResponseCodec.java:133)
at org.openqa.selenium.remote.codec.w3c.W3CHttpResponseCodec.decode(W3CHttpResponseCodec.java:53)
at org.openqa.selenium.remote.HttpCommandExecutor.execute(HttpCommandExecutor.java:184)
at org.openqa.selenium.remote.service.DriverCommandExecutor.invokeExecute(DriverCommandExecutor.java:167)
at org.openqa.selenium.remote.service.DriverCommandExecutor.execute(DriverCommandExecutor.java:142)
at org.openqa.selenium.remote.RemoteWebDriver.execute(RemoteWebDriver.java:547)
at org.openqa.selenium.remote.RemoteWebDriver.get(RemoteWebDriver.java:310)
at automation.AutomationPractice.Homepage.initialization(Homepage.java:24)
at java.base/jdk.internal.reflect.DirectMethodHandleAccessor.invoke(DirectMethodHandleAccessor.java:104)
at java.base/java.lang.reflect.Method.invoke(Method.java:577)
at org.testng.internal.MethodInvocationHelper.invokeMethod(MethodInvocationHelper.java:133)
at org.testng.internal.MethodInvocationHelper.invokeMethodConsideringTimeout(MethodInvocationHelper.java:62)
at org.testng.internal.ConfigInvoker.invokeConfigurationMethod(ConfigInvoker.java:385)
at org.testng.internal.ConfigInvoker.invokeConfigurations(ConfigInvoker.java:321)
at org.testng.TestRunner.invokeTestConfigurations(TestRunner.java:637)
at org.testng.TestRunner.beforeRun(TestRunner.java:627)
at org.testng.TestRunner.run(TestRunner.java:589)
at org.testng.SuiteRunner.runTest(SuiteRunner.java:377)
at org.testng.SuiteRunner.runSequentially(SuiteRunner.java:371)
at org.testng.SuiteRunner.privateRun(SuiteRunner.java:332)
at org.testng.SuiteRunner.run(SuiteRunner.java:276)
at org.testng.SuiteRunnerWorker.runSuite(SuiteRunnerWorker.java:53)
at org.testng.SuiteRunnerWorker.run(SuiteRunnerWorker.java:96)
at org.testng.TestNG.runSuitesSequentially(TestNG.java:1212)
at org.testng.TestNG.runSuitesLocally(TestNG.java:1134)
at org.testng.TestNG.runSuites(TestNG.java:1063)
at org.testng.TestNG.run(TestNG.java:1031)
at org.testng.remote.AbstractRemoteTestNG.run(AbstractRemoteTestNG.java:115)
at org.testng.remote.RemoteTestNG.initAndRun(RemoteTestNG.java:251)
at org.testng.remote.RemoteTestNG.main(RemoteTestNG.java:77)
]]>
    </error>
  </testcase> <!-- initialization -->
  <system-out/>
  <testcase classname="automation.AutomationPractice.Homepage" name="homeLogoVisibility" time="0.000">
    <skipped/>
  </testcase> <!-- homeLogoVisibility -->
  <system-out/>
  <testcase classname="automation.AutomationPractice.Homepage" name="searchFeildVisibility" time="0.000">
    <skipped/>
  </testcase> <!-- searchFeildVisibility -->
  <system-out/>
  <testcase classname="automation.AutomationPractice.Homepage" name="phoneVisibility" time="0.000">
    <skipped/>
  </testcase> <!-- phoneVisibility -->
  <system-out/>
  <testcase classname="automation.AutomationPractice.Homepage" name="contactsUsVisiblity" time="0.000">
    <skipped/>
  </testcase> <!-- contactsUsVisiblity -->
  <system-out/>
  <testcase classname="automation.AutomationPractice.Homepage" name="tShirtsNavClick" time="0.000">
    <skipped/>
  </testcase> <!-- tShirtsNavClick -->
  <system-out/>
  <testcase classname="automation.AutomationPractice.Homepage" name="searchFunctionality" time="0.000">
    <skipped/>
  </testcase> <!-- searchFunctionality -->
  <system-out/>
  <testcase classname="automation.AutomationPractice.Homepage" name="DressNavVerification" time="0.000">
    <skipped/>
  </testcase> <!-- DressNavVerification -->
  <system-out/>
  <testcase classname="automation.AutomationPractice.Homepage" name="sigInVisiblity" time="0.000">
    <skipped/>
  </testcase> <!-- sigInVisiblity -->
  <system-out/>
</testsuite> <!-- automation.AutomationPractice.Homepage -->
